[
  {
    "AccountExpires": "%%1794",
    "AllowedToDelegateTo": "-",
    "Category": "User Account Management",
    "Channel": "Security",
    "DisplayName": "Adele Vance",
    "EventID": 4720,
    "EventIDDescription": "A user account was created",
    "EventReceivedTime": "2026-07-27 11:02:44",
    "EventTime": "2026-07-27 11:02:43",
    "EventType": "AUDIT_SUCCESS",
    "HomeDirectory": "-",
    "HomePath": "-",
    "Hostname": "dc01.contoso.com",
    "Keywords": -9214364837600034816,
    "LogonHours": "%%1793",
    "NewUacValue": "0x15",
    "OldUacValue": "0x0",
    "Opcode": "Info",
    "OpcodeValue": 0,
    "PasswordLastSet": "%%1794",
    "PrimaryGroupId": "513",
    "PrivilegeList": "-",
    "ProcessID": 696,
    "ProfilePath": "-",
    "ProviderGuid": "{54849625-5478-4994-A5BA-3E3B0328C30D}",
    "RecordNumber": 88231004,
    "SamAccountName": "adele.vance",
    "ScriptPath": "-",
    "Severity": "INFO",
    "SeverityValue": 2,
    "SidHistory": "-",
    "SourceModuleName": "security_in",
    "SourceModuleType": "im_msvistalog",
    "SourceName": "Microsoft-Windows-Security-Auditing",
    "SubjectDomainName": "CONTOSO",
    "SubjectLogonId": "0x30dc2",
    "SubjectUserName": "dadmin",
    "SubjectUserSid": "S-1-5-21-1111111111-2222222222-3333333333-1104",
    "Task": 13824,
    "TargetDomainName": "CONTOSO",
    "TargetSid": "S-1-5-21-1111111111-2222222222-3333333333-1001",
    "TargetUserName": "adele.vance",
    "ThreadID": 1508,
    "UserAccountControl": "%%2080 %%2082 %%2084",
    "UserParameters": "-",
    "UserPrincipalName": "adele.vance@contoso.com",
    "UserWorkstations": "-",
    "Version": 0
  },
  {
    "Category": "Security Group Management",
    "Channel": "Security",
    "EventID": 4728,
    "EventIDDescription": "A member was added to a security-enabled global group",
    "EventReceivedTime": "2026-07-27 11:05:19",
    "EventTime": "2026-07-27 11:05:18",
    "EventType": "AUDIT_SUCCESS",
    "Hostname": "dc01.contoso.com",
    "Keywords": -9214364837600034816,
    "MemberName": "CN=adele.vance,CN=Users,DC=contoso,DC=com",
    "MemberSid": "S-1-5-21-1111111111-2222222222-3333333333-1001",
    "Opcode": "Info",
    "OpcodeValue": 0,
    "PrivilegeList": "-",
    "ProcessID": 696,
    "ProviderGuid": "{54849625-5478-4994-A5BA-3E3B0328C30D}",
    "RecordNumber": 88231188,
    "Severity": "INFO",
    "SeverityValue": 2,
    "SourceModuleName": "security_in",
    "SourceModuleType": "im_msvistalog",
    "SourceName": "Microsoft-Windows-Security-Auditing",
    "SubjectDomainName": "CONTOSO",
    "SubjectLogonId": "0x30dc2",
    "SubjectUserName": "dadmin",
    "SubjectUserSid": "S-1-5-21-1111111111-2222222222-3333333333-1104",
    "Task": 13826,
    "TargetDomainName": "CONTOSO",
    "TargetSid": "S-1-5-21-1111111111-2222222222-3333333333-512",
    "TargetUserName": "Domain Admins",
    "ThreadID": 1092,
    "Version": 0
  },
  {
    "Category": "Security Group Management",
    "Channel": "Security",
    "EventID": 4732,
    "EventIDDescription": "A member was added to a security-enabled local group",
    "EventReceivedTime": "2026-07-27 11:41:02",
    "EventTime": "2026-07-27 11:41:01",
    "EventType": "AUDIT_SUCCESS",
    "Hostname": "wkstn-0142.contoso.com",
    "Keywords": -9214364837600034816,
    "MemberName": "-",
    "MemberSid": "S-1-5-21-1111111111-2222222222-3333333333-1001",
    "Opcode": "Info",
    "OpcodeValue": 0,
    "PrivilegeList": "-",
    "ProcessID": 812,
    "ProviderGuid": "{54849625-5478-4994-A5BA-3E3B0328C30D}",
    "RecordNumber": 4410233,
    "Severity": "INFO",
    "SeverityValue": 2,
    "SourceModuleName": "security_in",
    "SourceModuleType": "im_msvistalog",
    "SourceName": "Microsoft-Windows-Security-Auditing",
    "SubjectDomainName": "CONTOSO",
    "SubjectLogonId": "0x1a4b2c9",
    "SubjectUserName": "dadmin",
    "SubjectUserSid": "S-1-5-21-1111111111-2222222222-3333333333-1104",
    "Task": 13826,
    "TargetDomainName": "Builtin",
    "TargetSid": "S-1-5-32-544",
    "TargetUserName": "Administrators",
    "ThreadID": 1548,
    "Version": 0
  },
  {
    "Category": "User Account Management",
    "Channel": "Security",
    "EventID": 4724,
    "EventIDDescription": "An attempt was made to reset an account's password",
    "EventReceivedTime": "2026-07-27 11:12:35",
    "EventTime": "2026-07-27 11:12:34",
    "EventType": "AUDIT_SUCCESS",
    "Hostname": "dc01.contoso.com",
    "Keywords": -9214364837600034816,
    "Opcode": "Info",
    "OpcodeValue": 0,
    "PrivilegeList": "-",
    "ProcessID": 696,
    "ProviderGuid": "{54849625-5478-4994-A5BA-3E3B0328C30D}",
    "RecordNumber": 88231902,
    "Severity": "INFO",
    "SeverityValue": 2,
    "SourceModuleName": "security_in",
    "SourceModuleType": "im_msvistalog",
    "SourceName": "Microsoft-Windows-Security-Auditing",
    "SubjectDomainName": "CONTOSO",
    "SubjectLogonId": "0x30dc2",
    "SubjectUserName": "dadmin",
    "SubjectUserSid": "S-1-5-21-1111111111-2222222222-3333333333-1104",
    "Task": 13824,
    "TargetDomainName": "CONTOSO",
    "TargetSid": "S-1-5-21-1111111111-2222222222-3333333333-500",
    "TargetUserName": "Administrator",
    "ThreadID": 1508,
    "Version": 0
  },
  {
    "CallerComputerName": "\\\\WKSTN-0142",
    "Category": "User Account Management",
    "Channel": "Security",
    "EventID": 4740,
    "EventIDDescription": "A user account was locked out",
    "EventReceivedTime": "2026-07-27 03:24:02",
    "EventTime": "2026-07-27 03:24:01",
    "EventType": "AUDIT_SUCCESS",
    "Hostname": "dc01.contoso.com",
    "Keywords": -9214364837600034816,
    "Opcode": "Info",
    "OpcodeValue": 0,
    "ProcessID": 696,
    "ProviderGuid": "{54849625-5478-4994-A5BA-3E3B0328C30D}",
    "RecordNumber": 88203782,
    "Severity": "INFO",
    "SeverityValue": 2,
    "SourceModuleName": "security_in",
    "SourceModuleType": "im_msvistalog",
    "SourceName": "Microsoft-Windows-Security-Auditing",
    "SubjectDomainName": "CONTOSO",
    "SubjectLogonId": "0x3e7",
    "SubjectUserName": "DC01$",
    "SubjectUserSid": "S-1-5-18",
    "Task": 13824,
    "TargetDomainName": "CONTOSO",
    "TargetSid": "S-1-5-21-1111111111-2222222222-3333333333-500",
    "TargetUserName": "Administrator",
    "ThreadID": 1112,
    "Version": 0
  },
  {
    "AccountExpires": "%%1794",
    "AllowedToDelegateTo": "cifs/dc01.contoso.com",
    "Category": "User Account Management",
    "Channel": "Security",
    "DisplayName": "Service - Backup",
    "EventID": 4738,
    "EventIDDescription": "A user account was changed",
    "EventReceivedTime": "2026-07-27 13:07:56",
    "EventTime": "2026-07-27 13:07:55",
    "EventType": "AUDIT_SUCCESS",
    "HomeDirectory": "-",
    "HomePath": "-",
    "Hostname": "dc01.contoso.com",
    "Keywords": -9214364837600034816,
    "LogonHours": "%%1793",
    "NewUacValue": "0x11200",
    "OldUacValue": "0x200",
    "Opcode": "Info",
    "OpcodeValue": 0,
    "PasswordLastSet": "-",
    "PrimaryGroupId": "513",
    "PrivilegeList": "-",
    "ProcessID": 696,
    "ProfilePath": "-",
    "ProviderGuid": "{54849625-5478-4994-A5BA-3E3B0328C30D}",
    "RecordNumber": 88240117,
    "SamAccountName": "svc-backup",
    "ScriptPath": "-",
    "Severity": "INFO",
    "SeverityValue": 2,
    "SidHistory": "-",
    "SourceModuleName": "security_in",
    "SourceModuleType": "im_msvistalog",
    "SourceName": "Microsoft-Windows-Security-Auditing",
    "SubjectDomainName": "CONTOSO",
    "SubjectLogonId": "0x30dc2",
    "SubjectUserName": "dadmin",
    "SubjectUserSid": "S-1-5-21-1111111111-2222222222-3333333333-1104",
    "Task": 13824,
    "TargetDomainName": "CONTOSO",
    "TargetSid": "S-1-5-21-1111111111-2222222222-3333333333-1110",
    "TargetUserName": "svc-backup",
    "ThreadID": 1508,
    "UserAccountControl": "%%2089",
    "UserParameters": "-",
    "UserPrincipalName": "svc-backup@contoso.com",
    "UserWorkstations": "-",
    "Version": 0
  }
]
