[
  {
    "ActivityID": "{00000000-0000-0000-0000-000000000001}",
    "AuthenticationPackageName": "Kerberos",
    "Category": "Logon",
    "Channel": "Security",
    "ElevatedToken": "%%1842",
    "EventID": 4624,
    "EventIDDescription": "An account was successfully logged on",
    "EventReceivedTime": "2026-07-27 21:30:11",
    "EventTime": "2026-07-27 21:30:09",
    "EventType": "AUDIT_SUCCESS",
    "Hostname": "srv-app-01.contoso.com",
    "ImpersonationLevel": "%%1833",
    "IpAddress": "::1",
    "IpPort": "0",
    "KeyLength": "0",
    "Keywords": -9214364837600034816,
    "LmPackageName": "-",
    "LogonGuid": "{00000000-0000-0000-0000-000000000010}",
    "LogonProcessName": "Kerberos",
    "LogonType": "3",
    "Opcode": "Info",
    "OpcodeValue": 0,
    "ProcessID": 812,
    "ProcessName": "-",
    "ProviderGuid": "{54849625-5478-4994-A5BA-3E3B0328C30D}",
    "RecordNumber": 165621415,
    "RestrictedAdminMode": "-",
    "Severity": "INFO",
    "SeverityValue": 2,
    "SourceModuleName": "security_in",
    "SourceModuleType": "im_msvistalog",
    "SourceName": "Microsoft-Windows-Security-Auditing",
    "SubjectDomainName": "-",
    "SubjectLogonId": "0x0",
    "SubjectUserName": "-",
    "SubjectUserSid": "S-1-0-0",
    "Task": 12544,
    "TargetDomainName": "CONTOSO.COM",
    "TargetLinkedLogonId": "0x0",
    "TargetLogonId": "0x37099632",
    "TargetOutboundDomainName": "-",
    "TargetOutboundUserName": "-",
    "TargetUserName": "SRV-APP-01$",
    "TargetUserSid": "S-1-5-18",
    "ThreadID": 1712,
    "TransmittedServices": "-",
    "Version": 2,
    "VirtualAccount": "%%1843",
    "WorkstationName": "-"
  },
  {
    "AuthenticationPackageName": "Negotiate",
    "Category": "Logon",
    "Channel": "Security",
    "ElevatedToken": "%%1842",
    "EventID": 4624,
    "EventIDDescription": "An account was successfully logged on",
    "EventReceivedTime": "2026-07-27 09:14:52",
    "EventTime": "2026-07-27 09:14:50",
    "EventType": "AUDIT_SUCCESS",
    "Hostname": "srv-app-01.contoso.com",
    "ImpersonationLevel": "%%1833",
    "IpAddress": "192.0.2.45",
    "IpPort": "51844",
    "KeyLength": "0",
    "Keywords": -9214364837600034816,
    "LmPackageName": "-",
    "LogonGuid": "{00000000-0000-0000-0000-000000000011}",
    "LogonProcessName": "User32",
    "LogonType": "10",
    "Opcode": "Info",
    "OpcodeValue": 0,
    "ProcessID": 716,
    "ProcessId": "0x2f4",
    "ProcessName": "C:\\Windows\\System32\\svchost.exe",
    "ProviderGuid": "{54849625-5478-4994-A5BA-3E3B0328C30D}",
    "RecordNumber": 165598712,
    "RestrictedAdminMode": "No",
    "Severity": "INFO",
    "SeverityValue": 2,
    "SourceModuleName": "security_in",
    "SourceModuleType": "im_msvistalog",
    "SourceName": "Microsoft-Windows-Security-Auditing",
    "SubjectDomainName": "CONTOSO",
    "SubjectLogonId": "0x3e7",
    "SubjectUserName": "SRV-APP-01$",
    "SubjectUserSid": "S-1-5-18",
    "Task": 12544,
    "TargetDomainName": "CONTOSO",
    "TargetLinkedLogonId": "0x0",
    "TargetLogonId": "0x1a4b2c9",
    "TargetOutboundDomainName": "-",
    "TargetOutboundUserName": "-",
    "TargetUserName": "adele.vance",
    "TargetUserSid": "S-1-5-21-1111111111-2222222222-3333333333-1001",
    "ThreadID": 2044,
    "TransmittedServices": "-",
    "Version": 2,
    "VirtualAccount": "%%1843",
    "WorkstationName": "WKSTN-0142"
  },
  {
    "AuthenticationPackageName": "NTLM",
    "Category": "Logon",
    "Channel": "Security",
    "EventID": 4625,
    "EventIDDescription": "An account failed to log on",
    "EventReceivedTime": "2026-07-27 03:22:18",
    "EventTime": "2026-07-27 03:22:17",
    "EventType": "AUDIT_FAILURE",
    "FailureReason": "%%2313",
    "Hostname": "srv-app-01.contoso.com",
    "IpAddress": "198.51.100.77",
    "IpPort": "44210",
    "KeyLength": "0",
    "Keywords": -9218868437227405312,
    "LmPackageName": "-",
    "LogonProcessName": "NtLmSsp",
    "LogonType": "3",
    "Opcode": "Info",
    "OpcodeValue": 0,
    "ProcessID": 812,
    "ProcessId": "0x0",
    "ProcessName": "-",
    "ProviderGuid": "{54849625-5478-4994-A5BA-3E3B0328C30D}",
    "RecordNumber": 165512004,
    "Severity": "WARNING",
    "SeverityValue": 3,
    "SourceModuleName": "security_in",
    "SourceModuleType": "im_msvistalog",
    "SourceName": "Microsoft-Windows-Security-Auditing",
    "Status": "0xc000006d",
    "SubStatus": "0xc000006a",
    "SubjectDomainName": "-",
    "SubjectLogonId": "0x0",
    "SubjectUserName": "-",
    "SubjectUserSid": "S-1-0-0",
    "Task": 12546,
    "TargetDomainName": "CONTOSO",
    "TargetUserName": "administrator",
    "TargetUserSid": "S-1-0-0",
    "ThreadID": 3240,
    "TransmittedServices": "-",
    "Version": 0,
    "WorkstationName": "KALI"
  },
  {
    "Category": "Logoff",
    "Channel": "Security",
    "EventID": 4634,
    "EventIDDescription": "An account was logged off",
    "EventReceivedTime": "2026-07-27 09:52:03",
    "EventTime": "2026-07-27 09:52:02",
    "EventType": "AUDIT_SUCCESS",
    "Hostname": "srv-app-01.contoso.com",
    "Keywords": -9214364837600034816,
    "LogonType": "10",
    "Opcode": "Info",
    "OpcodeValue": 0,
    "ProcessID": 812,
    "ProviderGuid": "{54849625-5478-4994-A5BA-3E3B0328C30D}",
    "RecordNumber": 165599881,
    "Severity": "INFO",
    "SeverityValue": 2,
    "SourceModuleName": "security_in",
    "SourceModuleType": "im_msvistalog",
    "SourceName": "Microsoft-Windows-Security-Auditing",
    "Task": 12545,
    "TargetDomainName": "CONTOSO",
    "TargetLogonId": "0x1a4b2c9",
    "TargetUserName": "adele.vance",
    "TargetUserSid": "S-1-5-21-1111111111-2222222222-3333333333-1001",
    "ThreadID": 1712,
    "Version": 0
  },
  {
    "Category": "Logon",
    "Channel": "Security",
    "EventID": 4648,
    "EventIDDescription": "A logon was attempted using explicit credentials",
    "EventReceivedTime": "2026-07-27 09:20:41",
    "EventTime": "2026-07-27 09:20:40",
    "EventType": "AUDIT_SUCCESS",
    "Hostname": "srv-app-01.contoso.com",
    "IpAddress": "-",
    "IpPort": "-",
    "Keywords": -9214364837600034816,
    "LogonGuid": "{00000000-0000-0000-0000-000000000000}",
    "Opcode": "Info",
    "OpcodeValue": 0,
    "ProcessID": 812,
    "ProcessId": "0x1e30",
    "ProcessName": "C:\\Windows\\System32\\mmc.exe",
    "ProviderGuid": "{54849625-5478-4994-A5BA-3E3B0328C30D}",
    "RecordNumber": 165599102,
    "Severity": "INFO",
    "SeverityValue": 2,
    "SourceModuleName": "security_in",
    "SourceModuleType": "im_msvistalog",
    "SourceName": "Microsoft-Windows-Security-Auditing",
    "SubjectDomainName": "CONTOSO",
    "SubjectLogonId": "0x1a4b2c9",
    "SubjectUserName": "adele.vance",
    "SubjectUserSid": "S-1-5-21-1111111111-2222222222-3333333333-1001",
    "Task": 12544,
    "TargetDomainName": "CONTOSO",
    "TargetInfo": "cifs/fileserver01.contoso.com",
    "TargetLogonGuid": "{00000000-0000-0000-0000-000000000012}",
    "TargetServerName": "fileserver01.contoso.com",
    "TargetUserName": "svc-backup",
    "ThreadID": 1116,
    "Version": 0
  },
  {
    "Category": "Special Logon",
    "Channel": "Security",
    "EventID": 4672,
    "EventIDDescription": "Special privileges assigned to new logon",
    "EventReceivedTime": "2026-07-27 09:14:52",
    "EventTime": "2026-07-27 09:14:50",
    "EventType": "AUDIT_SUCCESS",
    "Hostname": "srv-app-01.contoso.com",
    "Keywords": -9214364837600034816,
    "Opcode": "Info",
    "OpcodeValue": 0,
    "PrivilegeList": "SeSecurityPrivilege SeTakeOwnershipPrivilege SeLoadDriverPrivilege SeBackupPrivilege SeRestorePrivilege SeDebugPrivilege SeSystemEnvironmentPrivilege SeImpersonatePrivilege SeDelegateSessionUserImpersonatePrivilege",
    "ProcessID": 812,
    "ProviderGuid": "{54849625-5478-4994-A5BA-3E3B0328C30D}",
    "RecordNumber": 165598713,
    "Severity": "INFO",
    "SeverityValue": 2,
    "SourceModuleName": "security_in",
    "SourceModuleType": "im_msvistalog",
    "SourceName": "Microsoft-Windows-Security-Auditing",
    "SubjectDomainName": "CONTOSO",
    "SubjectLogonId": "0x1a4b2c9",
    "SubjectUserName": "adele.vance",
    "SubjectUserSid": "S-1-5-21-1111111111-2222222222-3333333333-1001",
    "Task": 12548,
    "ThreadID": 2044,
    "Version": 0
  }
]
