[
  {
    "Category": "Security System Extension",
    "Channel": "Security",
    "EventID": 4697,
    "EventIDDescription": "A service was installed in the system",
    "EventReceivedTime": "2026-07-27 09:34:11",
    "EventTime": "2026-07-27 09:34:10",
    "EventType": "AUDIT_SUCCESS",
    "Hostname": "fileserver01.contoso.com",
    "Keywords": -9214364837600034816,
    "Opcode": "Info",
    "OpcodeValue": 0,
    "ProcessID": 736,
    "ProviderGuid": "{54849625-5478-4994-A5BA-3E3B0328C30D}",
    "RecordNumber": 20114931,
    "ServiceAccount": "localSystem",
    "ServiceFileName": "%SystemRoot%\\PSEXESVC.exe",
    "ServiceName": "PSEXESVC",
    "ServiceStartType": "3",
    "ServiceType": "0x10",
    "Severity": "INFO",
    "SeverityValue": 2,
    "SourceModuleName": "security_in",
    "SourceModuleType": "im_msvistalog",
    "SourceName": "Microsoft-Windows-Security-Auditing",
    "SubjectDomainName": "CONTOSO",
    "SubjectLogonId": "0x38d34",
    "SubjectUserName": "dadmin",
    "SubjectUserSid": "S-1-5-21-1111111111-2222222222-3333333333-1104",
    "Task": 12289,
    "ThreadID": 2800,
    "Version": 0
  },
  {
    "Category": "Other Object Access Events",
    "Channel": "Security",
    "ClientProcessId": "3932",
    "EventID": 4698,
    "EventIDDescription": "A scheduled task was created",
    "EventReceivedTime": "2026-07-27 09:36:44",
    "EventTime": "2026-07-27 09:36:43",
    "EventType": "AUDIT_SUCCESS",
    "FQDN": "wkstn-0142.contoso.com",
    "Hostname": "wkstn-0142.contoso.com",
    "Keywords": -9214364837600034816,
    "Opcode": "Info",
    "OpcodeValue": 0,
    "ParentProcessId": "5304",
    "ProcessID": 812,
    "ProviderGuid": "{54849625-5478-4994-A5BA-3E3B0328C30D}",
    "RecordNumber": 4409022,
    "RpcCallClientLocality": "0",
    "Severity": "INFO",
    "SeverityValue": 2,
    "SourceModuleName": "security_in",
    "SourceModuleType": "im_msvistalog",
    "SourceName": "Microsoft-Windows-Security-Auditing",
    "SubjectDomainName": "CONTOSO",
    "SubjectLogonId": "0x1a4b2c9",
    "SubjectUserName": "adele.vance",
    "SubjectUserSid": "S-1-5-21-1111111111-2222222222-3333333333-1001",
    "Task": 12804,
    "TaskContent": "<?xml version=\"1.0\" encoding=\"UTF-16\"?><Task version=\"1.2\" xmlns=\"http://schemas.microsoft.com/windows/2004/02/mit/task\"><RegistrationInfo><Date>2026-07-27T09:36:43.0000000</Date><Author>CONTOSO\\adele.vance</Author></RegistrationInfo><Triggers><LogonTrigger><Enabled>true</Enabled></LogonTrigger></Triggers><Principals><Principal id=\"Author\"><RunLevel>HighestAvailable</RunLevel><UserId>CONTOSO\\adele.vance</UserId><LogonType>InteractiveToken</LogonType></Principal></Principals><Settings><Enabled>true</Enabled><Hidden>true</Hidden><AllowStartOnDemand>true</AllowStartOnDemand></Settings><Actions Context=\"Author\"><Exec><Command>C:\\Users\\adele.vance\\AppData\\Local\\Temp\\update.exe</Command></Exec></Actions></Task>",
    "TaskName": "\\SystemUpdate",
    "ThreadID": 5048,
    "Version": 1
  },
  {
    "AuditPolicyChanges": "%%8448, %%8450",
    "Category": "Audit Policy Change",
    "CategoryId": "%%8274",
    "Channel": "Security",
    "EventID": 4719,
    "EventIDDescription": "System audit policy was changed",
    "EventReceivedTime": "2026-07-27 09:38:10",
    "EventTime": "2026-07-27 09:38:09",
    "EventType": "AUDIT_SUCCESS",
    "Hostname": "wkstn-0142.contoso.com",
    "Keywords": -9214364837600034816,
    "Opcode": "Info",
    "OpcodeValue": 0,
    "ProcessID": 812,
    "ProviderGuid": "{54849625-5478-4994-A5BA-3E3B0328C30D}",
    "RecordNumber": 4409188,
    "Severity": "INFO",
    "SeverityValue": 2,
    "SourceModuleName": "security_in",
    "SourceModuleType": "im_msvistalog",
    "SourceName": "Microsoft-Windows-Security-Auditing",
    "SubcategoryGuid": "{0CCE9223-69AE-11D9-BED3-505054503030}",
    "SubcategoryId": "%%12807",
    "SubjectDomainName": "CONTOSO",
    "SubjectLogonId": "0x1a4b2c9",
    "SubjectUserName": "adele.vance",
    "SubjectUserSid": "S-1-5-21-1111111111-2222222222-3333333333-1001",
    "Task": 13568,
    "ThreadID": 4668,
    "Version": 0
  },
  {
    "Category": "Log clear",
    "Channel": "Security",
    "EventID": 1102,
    "EventIDDescription": "The audit log was cleared",
    "EventReceivedTime": "2026-07-27 09:39:02",
    "EventTime": "2026-07-27 09:39:01",
    "EventType": "AUDIT_SUCCESS",
    "Hostname": "wkstn-0142.contoso.com",
    "Keywords": 4620693217682128896,
    "Opcode": "Info",
    "OpcodeValue": 0,
    "ProcessID": 820,
    "ProviderGuid": "{fc65ddd8-d6ef-4962-83d5-6e5cfe9ce148}",
    "RecordNumber": 1,
    "Severity": "INFO",
    "SeverityValue": 2,
    "SourceModuleName": "security_in",
    "SourceModuleType": "im_msvistalog",
    "SourceName": "Microsoft-Windows-Eventlog",
    "SubjectDomainName": "CONTOSO",
    "SubjectLogonId": "0x1a4b2c9",
    "SubjectUserName": "adele.vance",
    "SubjectUserSid": "S-1-5-21-1111111111-2222222222-3333333333-1001",
    "Task": 104,
    "ThreadID": 2644,
    "Version": 0
  },
  {
    "Category": "Security Group Management",
    "Channel": "Security",
    "EventID": 4799,
    "EventIDDescription": "A security-enabled local group membership was enumerated",
    "EventReceivedTime": "2026-07-27 09:30:55",
    "EventTime": "2026-07-27 09:30:54",
    "EventType": "AUDIT_SUCCESS",
    "Hostname": "wkstn-0142.contoso.com",
    "Keywords": -9214364837600034816,
    "Opcode": "Info",
    "OpcodeValue": 0,
    "ProcessID": 812,
    "ProcessId": "0x1a4c",
    "ProcessName": "C:\\Windows\\System32\\WindowsPowerShell\\v1.0\\powershell.exe",
    "ProviderGuid": "{54849625-5478-4994-A5BA-3E3B0328C30D}",
    "RecordNumber": 4408090,
    "Severity": "INFO",
    "SeverityValue": 2,
    "SourceModuleName": "security_in",
    "SourceModuleType": "im_msvistalog",
    "SourceName": "Microsoft-Windows-Security-Auditing",
    "SubjectDomainName": "CONTOSO",
    "SubjectLogonId": "0x1a4b2c9",
    "SubjectUserName": "adele.vance",
    "SubjectUserSid": "S-1-5-21-1111111111-2222222222-3333333333-1001",
    "Task": 13826,
    "TargetDomainName": "Builtin",
    "TargetSid": "S-1-5-32-544",
    "TargetUserName": "Administrators",
    "ThreadID": 1548,
    "Version": 0
  }
]
