[
  {
    "AccountAvailableKeys": "AES-SHA1, RC4",
    "AccountSupportedEncryptionTypes": "0x27 (DES, RC4, AES-Sk)",
    "Category": "Kerberos Authentication Service",
    "Channel": "Security",
    "CertIssuerName": "",
    "CertSerialNumber": "",
    "CertThumbprint": "",
    "ClientAdvertizedEncryptionTypes": "AES256-CTS-HMAC-SHA1-96 AES128-CTS-HMAC-SHA1-96 RC4-HMAC-NT",
    "DCAvailableKeys": "AES-SHA1, RC4",
    "DCSupportedEncryptionTypes": "0x1F (DES, RC4, AES128-SHA96, AES256-SHA96)",
    "EventID": 4768,
    "EventIDDescription": "A Kerberos authentication ticket (TGT) was requested",
    "EventReceivedTime": "2026-07-27 08:41:12",
    "EventTime": "2026-07-27 08:41:11",
    "EventType": "AUDIT_SUCCESS",
    "Hostname": "dc01.contoso.com",
    "IpAddress": "::ffff:192.0.2.45",
    "IpPort": "54393",
    "Keywords": -9214364837600034816,
    "Opcode": "Info",
    "OpcodeValue": 0,
    "PreAuthEncryptionType": "0x12",
    "PreAuthType": "2",
    "ProcessID": 696,
    "ProviderGuid": "{54849625-5478-4994-A5BA-3E3B0328C30D}",
    "RecordNumber": 88214470,
    "ResponseTicket": "AAAAAAAAAAAAAAAAAAAAAAAAAAAAAAAAAAAAAAAAAAA=",
    "ServiceAvailableKeys": "AES-SHA1, RC4",
    "ServiceName": "krbtgt",
    "ServiceSid": "S-1-5-21-1111111111-2222222222-3333333333-502",
    "ServiceSupportedEncryptionTypes": "0x1F (DES, RC4, AES128-SHA96, AES256-SHA96)",
    "SessionKeyEncryptionType": "0x12",
    "Severity": "INFO",
    "SeverityValue": 2,
    "SourceModuleName": "security_in",
    "SourceModuleType": "im_msvistalog",
    "SourceName": "Microsoft-Windows-Security-Auditing",
    "Status": "0x0",
    "Task": 14339,
    "TargetDomainName": "CONTOSO.COM",
    "TargetSid": "S-1-5-21-1111111111-2222222222-3333333333-1001",
    "TargetUserName": "adele.vance",
    "ThreadID": 2564,
    "TicketEncryptionType": "0x12",
    "TicketOptions": "0x40810010",
    "Version": 2
  },
  {
    "Category": "Kerberos Service Ticket Operations",
    "Channel": "Security",
    "EventID": 4769,
    "EventIDDescription": "A Kerberos service ticket was requested",
    "EventReceivedTime": "2026-07-27 08:41:14",
    "EventTime": "2026-07-27 08:41:13",
    "EventType": "AUDIT_SUCCESS",
    "Hostname": "dc01.contoso.com",
    "IpAddress": "::ffff:192.0.2.45",
    "IpPort": "54394",
    "Keywords": -9214364837600034816,
    "LogonGuid": "{00000000-0000-0000-0000-000000000013}",
    "Opcode": "Info",
    "OpcodeValue": 0,
    "ProcessID": 696,
    "ProviderGuid": "{54849625-5478-4994-A5BA-3E3B0328C30D}",
    "RecordNumber": 88214471,
    "ServiceName": "MSSQLSvc",
    "ServiceSid": "S-1-5-21-1111111111-2222222222-3333333333-1180",
    "Severity": "INFO",
    "SeverityValue": 2,
    "SourceModuleName": "security_in",
    "SourceModuleType": "im_msvistalog",
    "SourceName": "Microsoft-Windows-Security-Auditing",
    "Status": "0x0",
    "Task": 14337,
    "TargetDomainName": "CONTOSO.COM",
    "TargetUserName": "adele.vance@CONTOSO.COM",
    "ThreadID": 2564,
    "TicketEncryptionType": "0x17",
    "TicketOptions": "0x40810000",
    "TransmittedServices": "-",
    "Version": 0
  },
  {
    "Category": "Kerberos Authentication Service",
    "Channel": "Security",
    "EventID": 4771,
    "EventIDDescription": "Kerberos pre-authentication failed",
    "EventReceivedTime": "2026-07-27 03:19:58",
    "EventTime": "2026-07-27 03:19:57",
    "EventType": "AUDIT_FAILURE",
    "Hostname": "dc01.contoso.com",
    "IpAddress": "::ffff:198.51.100.77",
    "IpPort": "44118",
    "Keywords": -9218868437227405312,
    "Opcode": "Info",
    "OpcodeValue": 0,
    "PreAuthType": "0",
    "ProcessID": 696,
    "ProviderGuid": "{54849625-5478-4994-A5BA-3E3B0328C30D}",
    "RecordNumber": 88203119,
    "ServiceName": "krbtgt/CONTOSO",
    "Severity": "WARNING",
    "SeverityValue": 3,
    "SourceModuleName": "security_in",
    "SourceModuleType": "im_msvistalog",
    "SourceName": "Microsoft-Windows-Security-Auditing",
    "Status": "0x18",
    "Task": 14339,
    "TargetSid": "S-1-5-21-1111111111-2222222222-3333333333-1104",
    "TargetUserName": "svc-legacy",
    "ThreadID": 2564,
    "TicketOptions": "0x40810010",
    "Version": 0
  },
  {
    "Category": "Credential Validation",
    "Channel": "Security",
    "EventID": 4776,
    "EventIDDescription": "The computer attempted to validate the credentials for an account",
    "EventReceivedTime": "2026-07-27 03:22:17",
    "EventTime": "2026-07-27 03:22:16",
    "EventType": "AUDIT_FAILURE",
    "Hostname": "dc01.contoso.com",
    "Keywords": -9218868437227405312,
    "Opcode": "Info",
    "OpcodeValue": 0,
    "PackageName": "MICROSOFT_AUTHENTICATION_PACKAGE_V1_0",
    "ProcessID": 696,
    "ProviderGuid": "{54849625-5478-4994-A5BA-3E3B0328C30D}",
    "RecordNumber": 88203441,
    "Severity": "WARNING",
    "SeverityValue": 3,
    "SourceModuleName": "security_in",
    "SourceModuleType": "im_msvistalog",
    "SourceName": "Microsoft-Windows-Security-Auditing",
    "Status": "0xc000006a",
    "Task": 14336,
    "TargetUserName": "administrator",
    "ThreadID": 532,
    "Version": 0,
    "Workstation": "KALI"
  }
]
